<?xml version="1.0" encoding="UTF-8"?>
<testng-results ignored="0" total="1" passed="1" failed="0" skipped="0">
  <reporter-output>
  </reporter-output>
  <suite started-at="2025-04-12T12:23:23 IST" name="Surefire suite" finished-at="2025-04-12T12:23:36 IST" duration-ms="12547">
    <groups>
    </groups>
    <test started-at="2025-04-12T12:23:23 IST" name="Surefire test" finished-at="2025-04-12T12:23:36 IST" duration-ms="12547">
      <class name="books.TC_DWS_001_Test">
        <test-method is-config="true" signature="reportConfiguration()[pri:0, instance:books.TC_DWS_001_Test@1f0f1111]" started-at="2025-04-12T12:23:22 IST" name="reportConfiguration" finished-at="2025-04-12T12:23:23 IST" duration-ms="1519" status="PASS">
          <reporter-output>
          </reporter-output>
        </test-method> <!-- reportConfiguration -->
        <test-method is-config="true" signature="openBrowser()[pri:0, instance:books.TC_DWS_001_Test@1f0f1111]" started-at="2025-04-12T12:23:23 IST" name="openBrowser" finished-at="2025-04-12T12:23:31 IST" duration-ms="7931" status="PASS">
          <reporter-output>
          </reporter-output>
        </test-method> <!-- openBrowser -->
        <test-method is-config="true" signature="login()[pri:0, instance:books.TC_DWS_001_Test@1f0f1111]" started-at="2025-04-12T12:23:31 IST" name="login" finished-at="2025-04-12T12:23:34 IST" duration-ms="2836" status="PASS">
          <reporter-output>
          </reporter-output>
        </test-method> <!-- login -->
        <test-method signature="clickOnBooks()[pri:0, instance:books.TC_DWS_001_Test@1f0f1111]" started-at="2025-04-12T12:23:34 IST" name="clickOnBooks" finished-at="2025-04-12T12:23:35 IST" duration-ms="1178" status="PASS">
          <reporter-output>
          </reporter-output>
        </test-method> <!-- clickOnBooks -->
        <test-method is-config="true" signature="logout()[pri:0, instance:books.TC_DWS_001_Test@1f0f1111]" started-at="2025-04-12T12:23:35 IST" name="logout" finished-at="2025-04-12T12:23:35 IST" duration-ms="2" status="PASS">
          <reporter-output>
          </reporter-output>
        </test-method> <!-- logout -->
        <test-method is-config="true" signature="closeBrowser()[pri:0, instance:books.TC_DWS_001_Test@1f0f1111]" started-at="2025-04-12T12:23:35 IST" name="closeBrowser" finished-at="2025-04-12T12:23:36 IST" duration-ms="488" status="PASS">
          <reporter-output>
          </reporter-output>
        </test-method> <!-- closeBrowser -->
        <test-method is-config="true" signature="reportBackup()[pri:0, instance:books.TC_DWS_001_Test@1f0f1111]" started-at="2025-04-12T12:23:36 IST" name="reportBackup" finished-at="2025-04-12T12:23:37 IST" duration-ms="744" status="PASS">
          <reporter-output>
          </reporter-output>
        </test-method> <!-- reportBackup -->
      </class> <!-- books.TC_DWS_001_Test -->
    </test> <!-- Surefire test -->
  </suite> <!-- Surefire suite -->
</testng-results>
